[debug] [2022-08-08T15:32:26.000Z] ----------------------------------------------------------------------
[debug] [2022-08-08T15:32:26.001Z] Command:       /usr/local/bin/node /usr/local/bin/firebase init
[debug] [2022-08-08T15:32:26.001Z] CLI Version:   11.0.1
[debug] [2022-08-08T15:32:26.002Z] Platform:      darwin
[debug] [2022-08-08T15:32:26.002Z] Node Version:  v17.4.0
[debug] [2022-08-08T15:32:26.005Z] Time:          Tue Aug 09 2022 00:32:26 GMT+0900 (Japan Standard Time)
[debug] [2022-08-08T15:32:26.005Z] ----------------------------------------------------------------------
[debug] 
[debug] [2022-08-08T15:32:26.006Z] >>> [apiv2][query] GET https://firebase-public.firebaseio.com/cli.json [none]
[debug] [2022-08-08T15:32:26.052Z] > command requires scopes: ["email","openid","https://www.googleapis.com/auth/cloudplatformprojects.readonly","https://www.googleapis.com/auth/firebase","https://www.googleapis.com/auth/cloud-platform"]
[debug] [2022-08-08T15:32:26.052Z] > authorizing via signed-in user (zahidpatoary2019@gmail.com)
[info] 
     ######## #### ########  ######## ########     ###     ######  ########
     ##        ##  ##     ## ##       ##     ##  ##   ##  ##       ##
     ######    ##  ########  ######   ########  #########  ######  ######
     ##        ##  ##    ##  ##       ##     ## ##     ##       ## ##
     ##       #### ##     ## ######## ########  ##     ##  ######  ########

You're about to initialize a Firebase project in this directory:

  /Users/zahidpatoary/Desktop/project/Assignment-11/pkcars-client

[debug] [2022-08-08T15:32:26.478Z] <<< [apiv2][status] GET https://firebase-public.firebaseio.com/cli.json 200
[debug] [2022-08-08T15:32:26.478Z] <<< [apiv2][body] GET https://firebase-public.firebaseio.com/cli.json {"cloudBuildErrorAfter":1594252800000,"cloudBuildWarnAfter":1590019200000,"defaultNode10After":1594252800000,"minVersion":"3.0.5","node8DeploysDisabledAfter":1613390400000,"node8RuntimeDisabledAfter":1615809600000,"node8WarnAfter":1600128000000}
